=>[DEBUG 2013-09-17 17:23:26] FileLogger: debug [textformatter.rb:22:in `<main>']
=>[FATAL 2013-09-17 17:24:58] FileLogger: Unsuccess: No such file or directory - inpt.java
 [textformatter.rb:23:in `rescue in <main>']
=>[FATAL 2013-09-17 17:26:19] FileLogger: Unsuccess: No such file or directory - inpt.java
 [textformatter.rb:23:in `rescue in <main>']
=>[FATAL 2013-09-17 17:33:15] FileLogger: Unsuccess: some input parameters have been missed
 [textformatter.rb:29:in `<main>']
=>[FATAL 2013-09-17 17:34:11] FileLogger: Unsuccess: some input parameters have been missed
 [textformatter.rb:29:in `<main>']
=>[FATAL 2013-09-17 17:34:51] Logger: Unsuccess: some input parameters have been missed
 [textformatter.rb:29:in `<main>']
=>[ INFO 2013-09-17 17:36:29] Logger: Success!
 [textformatter.rb:21:in `<main>']
=>[ INFO 2013-09-17 17:39:02] Logger: Success!
 [textformatter.rb:21:in `<main>']
=>[ INFO 2013-09-17 17:40:45] Logger: Success!
 [textformatter.rb:21:in `<main>']
=>[ INFO 2013-09-17 17:41:27] Logger: Success!
 [textformatter.rb:21:in `<main>']
=>[FATAL 2013-09-17 17:43:34] Logger: Unsuccess: undefined local variable or method `log' for #<Formatter:0x000000013bb130>
 [textformatter.rb:23:in `rescue in <main>']
=>[ INFO 2013-09-17 17:44:08] Logger: Success!
 [textformatter.rb:21:in `<main>']
=>[ INFO 2013-09-17 17:44:54] Logger: Success!
 [textformatter.rb:21:in `<main>']
